[01m[K/home/homer/Documents/Ros2FakeSensors/fake_sensors/src/fake_lidar_pro.cpp:[m[K In constructor â€˜[01m[KFakeLidar::[01;32m[KFakeLidar[m[K()[m[Kâ€™:
[01m[K/home/homer/Documents/Ros2FakeSensors/fake_sensors/src/fake_lidar_pro.cpp:161:16:[m[K [01;31m[Kerror: [m[Kâ€˜[01m[Ktab[m[Kâ€™ was not declared in this scope; did you mean â€˜[01m[Ktan[m[Kâ€™?
  161 |         return [01;31m[Ktab[m[K;
      |                [01;31m[K^~~[m[K
      |                [32m[Ktan[m[K
[01m[K/home/homer/Documents/Ros2FakeSensors/fake_sensors/src/fake_lidar_pro.cpp:161:16:[m[K [01;31m[Kerror: [m[Kreturning a value from a constructor
gmake[2]: *** [CMakeFiles/fake_lidar_pro.dir/build.make:76: CMakeFiles/fake_lidar_pro.dir/src/fake_lidar_pro.cpp.o] Error 1
gmake[1]: *** [CMakeFiles/Makefile2:221: CMakeFiles/fake_lidar_pro.dir/all] Error 2
gmake: *** [Makefile:146: all] Error 2
