[0.018s] Invoking command in '/home/homer/Documents/Ros2FakeSensors/fake_sensors/build/fake_sensors': CMAKE_PREFIX_PATH=${CMAKE_PREFIX_PATH}:/opt/ros/jazzy DEBUGINFOD_URLS=https://debuginfod.ubuntu.com /usr/bin/cmake --build /home/homer/Documents/Ros2FakeSensors/fake_sensors/build/fake_sensors -- -j2 -l2
[0.145s] [ 16%] [32mBuilding CXX object CMakeFiles/camera_subscriber.dir/src/camera_subscriber.cpp.o[0m
[0.155s] [ 50%] Built target fake_camera_pro
[0.206s] [ 83%] Built target fake_lidar_pro
[0.538s] [01m[K/home/homer/Documents/Ros2FakeSensors/fake_sensors/src/camera_subscriber.cpp:68:2:[m[K [01;31m[Kerror: [m[Kunterminated argument list invoking macro "RCLCPP_INFO"
[0.538s]    68 | }
[0.538s]       |  [01;31m[K^[m[K
[2.956s] [01m[K/home/homer/Documents/Ros2FakeSensors/fake_sensors/src/camera_subscriber.cpp:15:9:[m[K [01;31m[Kerror: [m[Kâ€˜[01m[Ksensor_msgs[m[Kâ€™ does not name a type
[2.956s]    15 | typedef [01;31m[Ksensor_msgs[m[K::msg::Image ImageMsg;
[2.956s]       |         [01;31m[K^~~~~~~~~~~[m[K
[2.962s] [01m[K/home/homer/Documents/Ros2FakeSensors/fake_sensors/src/camera_subscriber.cpp:26:26:[m[K [01;31m[Kerror: [m[Kâ€˜[01m[KImageMsg[m[Kâ€™ was not declared in this scope
[2.962s]    26 |     rclcpp::Subscription<[01;31m[KImageMsg[m[K>::SharedPtr _camera_scan_subscribtion;
[2.962s]       |                          [01;31m[K^~~~~~~~[m[K
[2.962s] [01m[K/home/homer/Documents/Ros2FakeSensors/fake_sensors/src/camera_subscriber.cpp:26:34:[m[K [01;31m[Kerror: [m[Ktemplate argument 1 is invalid
[2.963s]    26 |     rclcpp::Subscription<ImageMsg[01;31m[K>[m[K::SharedPtr _camera_scan_subscribtion;
[2.963s]       |                                  [01;31m[K^[m[K
[2.963s] [01m[K/home/homer/Documents/Ros2FakeSensors/fake_sensors/src/camera_subscriber.cpp:26:34:[m[K [01;31m[Kerror: [m[Ktemplate argument 3 is invalid
[2.963s] [01m[K/home/homer/Documents/Ros2FakeSensors/fake_sensors/src/camera_subscriber.cpp:26:34:[m[K [01;31m[Kerror: [m[Ktemplate argument 4 is invalid
[2.963s] [01m[K/home/homer/Documents/Ros2FakeSensors/fake_sensors/src/camera_subscriber.cpp:26:34:[m[K [01;31m[Kerror: [m[Ktemplate argument 5 is invalid
[2.963s] [01m[K/home/homer/Documents/Ros2FakeSensors/fake_sensors/src/camera_subscriber.cpp:26:37:[m[K [01;31m[Kerror: [m[Kexpected â€˜[01m[K;[m[Kâ€™ at end of member declaration
[2.963s]    26 |     rclcpp::Subscription<ImageMsg>::[01;31m[KSharedPtr[m[K _camera_scan_subscribtion;
[2.963s]       |                                     [01;31m[K^~~~~~~~~[m[K
[2.963s]       |                                              [32m[K;[m[K
[2.968s] [01m[K/home/homer/Documents/Ros2FakeSensors/fake_sensors/src/camera_subscriber.cpp:26:47:[m[K [01;31m[Kerror: [m[Kâ€˜[01m[K_camera_scan_subscribtion[m[Kâ€™ does not name a type
[2.968s]    26 |     rclcpp::Subscription<ImageMsg>::SharedPtr [01;31m[K_camera_scan_subscribtion[m[K;
[2.968s]       |                                               [01;31m[K^~~~~~~~~~~~~~~~~~~~~~~~~[m[K
[2.968s] [01m[K/home/homer/Documents/Ros2FakeSensors/fake_sensors/src/camera_subscriber.cpp:29:32:[m[K [01;31m[Kerror: [m[Kâ€˜[01m[KImageMsg[m[Kâ€™ has not been declared
[2.968s]    29 |     void _camera_scan_callback([01;31m[KImageMsg[m[K::UniquePtr msg);
[2.968s]       |                                [01;31m[K^~~~~~~~[m[K
[2.968s] [01m[K/home/homer/Documents/Ros2FakeSensors/fake_sensors/src/camera_subscriber.cpp:29:52:[m[K [01;31m[Kerror: [m[Kexpected â€˜[01m[K,[m[Kâ€™ or â€˜[01m[K...[m[Kâ€™ before â€˜[01m[Kmsg[m[Kâ€™
[2.968s]    29 |     void _camera_scan_callback(ImageMsg::UniquePtr [01;31m[Kmsg[m[K);
[2.968s]       |                                                    [01;31m[K^~~[m[K
[2.990s] [01m[K/home/homer/Documents/Ros2FakeSensors/fake_sensors/src/camera_subscriber.cpp:[m[K In constructor â€˜[01m[KCameraSubscriber::[01;32m[KCameraSubscriber[m[K()[m[Kâ€™:
[2.991s] [01m[K/home/homer/Documents/Ros2FakeSensors/fake_sensors/src/camera_subscriber.cpp:35:5:[m[K [01;31m[Kerror: [m[Kâ€˜[01m[K_camera_scan_subscribtion[m[Kâ€™ was not declared in this scope
[2.991s]    35 |     [01;31m[K_camera_scan_subscribtion[m[K = this->create_subscription<ImageMsg>(
[2.991s]       |     [01;31m[K^~~~~~~~~~~~~~~~~~~~~~~~~[m[K
[2.996s] [01m[K/home/homer/Documents/Ros2FakeSensors/fake_sensors/src/camera_subscriber.cpp:35:59:[m[K [01;31m[Kerror: [m[Kâ€˜[01m[KImageMsg[m[Kâ€™ was not declared in this scope
[2.996s]    35 |     _camera_scan_subscribtion = this->create_subscription<[01;31m[KImageMsg[m[K>(
[2.996s]       |                                                           [01;31m[K^~~~~~~~[m[K
[3.008s] [01m[K/home/homer/Documents/Ros2FakeSensors/fake_sensors/src/camera_subscriber.cpp:35:68:[m[K [01;31m[Kerror: [m[Kno matching function for call to â€˜[01m[KCameraSubscriber::create_subscription<<expression error> >(const char [12], int, std::_Bind_helper<false, void (CameraSubscriber::*)(int), CameraSubscriber*, const std::_Placeholder<1>&>::type)[m[Kâ€™
[3.008s]    35 |     _camera_scan_subscribtion = [01;31m[Kthis->create_subscription<ImageMsg>([m[K
[3.008s]       |                                 [01;31m[K~~~~~~~~~~~~~~~~~~~~~~~~~~~~~~~~~~~^[m[K
[3.008s]    36 | [01;31m[K        "camera_scan",[m[K
[3.008s]       |         [01;31m[K~~~~~~~~~~~~~~[m[K                                              
[3.008s]    37 | [01;31m[K        10,[m[K
[3.008s]       |         [01;31m[K~~~[m[K                                                         
[3.008s]    38 | [01;31m[K        std::bind(&CameraSubscriber::_camera_scan_callback, this, std::placeholders::_1)[m[K
[3.008s]       |         [01;31m[K~~~~~~~~~~~~~~~~~~~~~~~~~~~~~~~~~~~~~~~~~~~~~~~~~~~~~~~~~~~~~~~~~~~~~~~~~~~~~~~~[m[K
[3.008s]    39 | [01;31m[K    )[m[K;
[3.008s]       |     [01;31m[K~[m[K                                                               
[3.008s] In file included from [01m[K/opt/ros/jazzy/include/rclcpp/rclcpp/executors/single_threaded_executor.hpp:28[m[K,
[3.008s]                  from [01m[K/opt/ros/jazzy/include/rclcpp/rclcpp/executors.hpp:22[m[K,
[3.008s]                  from [01m[K/opt/ros/jazzy/include/rclcpp/rclcpp/rclcpp.hpp:172[m[K,
[3.008s]                  from [01m[K/home/homer/Documents/Ros2FakeSensors/fake_sensors/src/camera_subscriber.cpp:9[m[K:
[3.008s] [01m[K/opt/ros/jazzy/include/rclcpp/rclcpp/node.hpp:221:3:[m[K [01;36m[Knote: [m[Kcandidate: â€˜[01m[Ktemplate<class MessageT, class CallbackT, class AllocatorT, class SubscriptionT, class MessageMemoryStrategyT> std::shared_ptr<ROSMessageT> rclcpp::Node::[01;32m[Kcreate_subscription[m[K(const std::string&, const rclcpp::QoS&, CallbackT&&, const rclcpp::SubscriptionOptionsWithAllocator<AllocatorT>&, typename MessageMemoryStrategyT::SharedPtr)[m[Kâ€™
[3.008s]   221 |   [01;36m[Kcreate_subscription[m[K(
[3.009s]       |   [01;36m[K^~~~~~~~~~~~~~~~~~~[m[K
[3.009s] [01m[K/opt/ros/jazzy/include/rclcpp/rclcpp/node.hpp:221:3:[m[K [01;36m[Knote: [m[K  template argument deduction/substitution failed:
[3.009s] [01m[K/home/homer/Documents/Ros2FakeSensors/fake_sensors/src/camera_subscriber.cpp:35:68:[m[K [01;31m[Kerror: [m[Ktemplate argument 1 is invalid
[3.009s]    35 |     _camera_scan_subscribtion = [01;31m[Kthis->create_subscription<ImageMsg>([m[K
[3.009s]       |                                 [01;31m[K~~~~~~~~~~~~~~~~~~~~~~~~~~~~~~~~~~~^[m[K
[3.009s]    36 | [01;31m[K        "camera_scan",[m[K
[3.009s]       |         [01;31m[K~~~~~~~~~~~~~~[m[K                                              
[3.009s]    37 | [01;31m[K        10,[m[K
[3.009s]       |         [01;31m[K~~~[m[K                                                         
[3.009s]    38 | [01;31m[K        std::bind(&CameraSubscriber::_camera_scan_callback, this, std::placeholders::_1)[m[K
[3.009s]       |         [01;31m[K~~~~~~~~~~~~~~~~~~~~~~~~~~~~~~~~~~~~~~~~~~~~~~~~~~~~~~~~~~~~~~~~~~~~~~~~~~~~~~~~[m[K
[3.009s]    39 | [01;31m[K    )[m[K;
[3.009s]       |     [01;31m[K~[m[K                                                               
[3.009s] [01m[K/home/homer/Documents/Ros2FakeSensors/fake_sensors/src/camera_subscriber.cpp:[m[K At global scope:
[3.010s] [01m[K/home/homer/Documents/Ros2FakeSensors/fake_sensors/src/camera_subscriber.cpp:43:1:[m[K [01;31m[Kerror: [m[Kâ€˜[01m[Kstring[m[Kâ€™ does not name a type; did you mean â€˜[01m[Kstdin[m[Kâ€™?
[3.010s]    43 | [01;31m[Kstring[m[K CameraSubscriber::_camera_data_to_string(std::vector<uint8_t> data){
[3.010s]       | [01;31m[K^~~~~~[m[K
[3.010s]       | [32m[Kstdin[m[K
[3.010s] [01m[K/home/homer/Documents/Ros2FakeSensors/fake_sensors/src/camera_subscriber.cpp:53:6:[m[K [01;31m[Kerror: [m[Kvariable or field â€˜[01m[K_camera_scan_callback[m[Kâ€™ declared void
[3.010s]    53 | void [01;31m[KCameraSubscriber[m[K::_camera_scan_callback(ImageMsg::UniquePtr msg)
[3.010s]       |      [01;31m[K^~~~~~~~~~~~~~~~[m[K
[3.010s] [01m[K/home/homer/Documents/Ros2FakeSensors/fake_sensors/src/camera_subscriber.cpp:53:46:[m[K [01;31m[Kerror: [m[Kâ€˜[01m[KImageMsg[m[Kâ€™ has not been declared
[3.011s]    53 | void CameraSubscriber::_camera_scan_callback([01;31m[KImageMsg[m[K::UniquePtr msg)
[3.011s]       |                                              [01;31m[K^~~~~~~~[m[K
[3.822s] gmake[2]: *** [CMakeFiles/camera_subscriber.dir/build.make:76: CMakeFiles/camera_subscriber.dir/src/camera_subscriber.cpp.o] Error 1
[3.822s] gmake[1]: *** [CMakeFiles/Makefile2:141: CMakeFiles/camera_subscriber.dir/all] Error 2
[3.822s] gmake: *** [Makefile:146: all] Error 2
[3.827s] Invoked command in '/home/homer/Documents/Ros2FakeSensors/fake_sensors/build/fake_sensors' returned '2': CMAKE_PREFIX_PATH=${CMAKE_PREFIX_PATH}:/opt/ros/jazzy DEBUGINFOD_URLS=https://debuginfod.ubuntu.com /usr/bin/cmake --build /home/homer/Documents/Ros2FakeSensors/fake_sensors/build/fake_sensors -- -j2 -l2
