[0.022s] Invoking command in '/home/homer/Documents/Ros2FakeSensors/fake_sensors/build/fake_sensors': CMAKE_PREFIX_PATH=${CMAKE_PREFIX_PATH}:/opt/ros/jazzy DEBUGINFOD_URLS=https://debuginfod.ubuntu.com /usr/bin/cmake --build /home/homer/Documents/Ros2FakeSensors/fake_sensors/build/fake_sensors -- -j2 -l2
[0.134s] [ 25%] Built target lidar_subscriber
[0.154s] [ 50%] Built target camera_subscriber
[0.184s] [ 75%] Built target fake_camera_pro
[0.241s] [ 87%] [32mBuilding CXX object CMakeFiles/fake_lidar_pro.dir/src/fake_lidar_pro.cpp.o[0m
[3.243s] [01m[K/home/homer/Documents/Ros2FakeSensors/fake_sensors/src/fake_lidar_pro.cpp:[m[K In member function â€˜[01m[Kvoid FakeLidar::[01;32m[K_read_csv_file[m[K()[m[Kâ€™:
[3.244s] [01m[K/home/homer/Documents/Ros2FakeSensors/fake_sensors/src/fake_lidar_pro.cpp:192:47:[m[K [01;31m[Kerror: [m[Kfound â€˜[01m[K:[m[Kâ€™ in nested-name-specifier, expected â€˜[01m[K::[m[Kâ€™
[3.244s]   192 |     std::string current_path = std::filesystem[01;31m[K:[m[Kcurrent_path();
[3.244s]       |                                               [01;31m[K^[m[K
[3.244s]       |                                               [32m[K::[m[K
[4.543s] gmake[2]: *** [CMakeFiles/fake_lidar_pro.dir/build.make:76: CMakeFiles/fake_lidar_pro.dir/src/fake_lidar_pro.cpp.o] Error 1
[4.543s] gmake[1]: *** [CMakeFiles/Makefile2:221: CMakeFiles/fake_lidar_pro.dir/all] Error 2
[4.546s] gmake: *** [Makefile:146: all] Error 2
[4.547s] Invoked command in '/home/homer/Documents/Ros2FakeSensors/fake_sensors/build/fake_sensors' returned '2': CMAKE_PREFIX_PATH=${CMAKE_PREFIX_PATH}:/opt/ros/jazzy DEBUGINFOD_URLS=https://debuginfod.ubuntu.com /usr/bin/cmake --build /home/homer/Documents/Ros2FakeSensors/fake_sensors/build/fake_sensors -- -j2 -l2
