[0.020s] Invoking command in '/home/homer/Documents/Ros2FakeSensors/fake_sensors/build/fake_sensors': CMAKE_PREFIX_PATH=${CMAKE_PREFIX_PATH}:/opt/ros/jazzy DEBUGINFOD_URLS=https://debuginfod.ubuntu.com /usr/bin/cmake --build /home/homer/Documents/Ros2FakeSensors/fake_sensors/build/fake_sensors -- -j2 -l2
[0.068s] -- Found ament_cmake: 2.5.2 (/opt/ros/jazzy/share/ament_cmake/cmake)
[0.342s] -- Found rclcpp: 28.1.5 (/opt/ros/jazzy/share/rclcpp/cmake)
[0.369s] -- Found rosidl_generator_c: 4.6.4 (/opt/ros/jazzy/share/rosidl_generator_c/cmake)
[0.378s] -- Found rosidl_generator_cpp: 4.6.4 (/opt/ros/jazzy/share/rosidl_generator_cpp/cmake)
[0.391s] -- Using all available rosidl_typesupport_c: rosidl_typesupport_fastrtps_c;rosidl_typesupport_introspection_c
[0.404s] -- Using all available rosidl_typesupport_cpp: rosidl_typesupport_fastrtps_cpp;rosidl_typesupport_introspection_cpp
[0.467s] -- Found rmw_implementation_cmake: 7.3.1 (/opt/ros/jazzy/share/rmw_implementation_cmake/cmake)
[0.472s] -- Found rmw_fastrtps_cpp: 8.4.1 (/opt/ros/jazzy/share/rmw_fastrtps_cpp/cmake)
[0.552s] -- Using RMW implementation 'rmw_fastrtps_cpp' as default
[0.625s] -- Found std_msgs: 5.3.5 (/opt/ros/jazzy/share/std_msgs/cmake)
[0.638s] -- Found sensor_msgs: 5.3.5 (/opt/ros/jazzy/share/sensor_msgs/cmake)
[0.685s] -- Found ament_lint_auto: 0.17.1 (/opt/ros/jazzy/share/ament_lint_auto/cmake)
[0.815s] -- Added test 'cppcheck' to perform static code analysis on C / C++ code
[0.816s] -- Configured cppcheck include dirs: /home/homer/Documents/Ros2FakeSensors/fake_sensors/include;$<BUILD_INTERFACE:/home/homer/Documents/Ros2FakeSensors/fake_sensors/include>
[0.816s] -- Configured cppcheck exclude dirs and/or files: 
[0.821s] -- Added test 'flake8' to check Python code syntax and style conventions
[0.821s] -- Configured 'flake8' exclude dirs and/or files: 
[0.829s] -- Added test 'lint_cmake' to check CMake code style
[0.833s] -- Added test 'pep257' to check Python code against some of the docstring style conventions in PEP 257
[0.863s] -- Added test 'uncrustify' to check C / C++ code style
[0.863s] -- Configured uncrustify additional arguments: 
[0.867s] -- Added test 'xmllint' to check XML markup files
[0.869s] -- Configuring done (0.8s)
[0.916s] -- Generating done (0.0s)
[0.927s] -- Build files have been written to: /home/homer/Documents/Ros2FakeSensors/fake_sensors/build/fake_sensors
[1.035s] [ 25%] Built target camera_subscriber
[1.035s] [ 37%] [32mBuilding CXX object CMakeFiles/lidar_subscriber.dir/src/lidar_subscriber.cpp.o[0m
[1.158s] [ 62%] Built target fake_camera_pro
[1.214s] [ 87%] Built target fake_lidar_pro
[3.647s] [01m[K/home/homer/Documents/Ros2FakeSensors/fake_sensors/src/lidar_subscriber.cpp:33:13:[m[K [01;31m[Kerror: [m[Kno declaration matches â€˜[01m[Kstd::string LidarSubscriber::[01;32m[K_lidar_data_to_string[m[K(std::vector<float>)[m[Kâ€™
[3.647s]    33 | std::string [01;31m[KLidarSubscriber[m[K::_lidar_data_to_string(std::vector<float> data){
[3.647s]       |             [01;31m[K^~~~~~~~~~~~~~~[m[K
[3.647s] [01m[K/home/homer/Documents/Ros2FakeSensors/fake_sensors/src/lidar_subscriber.cpp:18:17:[m[K [01;36m[Knote: [m[Kcandidate is: â€˜[01m[Kstd::string LidarSubscriber::[01;32m[K_lidar_data_to_string[m[K(std::vector<unsigned char, std::allocator<unsigned char> >)[m[Kâ€™
[3.647s]    18 |     std::string [01;36m[K_lidar_data_to_string[m[K(std::vector<uint8_t> data);
[3.647s]       |                 [01;36m[K^~~~~~~~~~~~~~~~~~~~~[m[K
[3.647s] [01m[K/home/homer/Documents/Ros2FakeSensors/fake_sensors/src/lidar_subscriber.cpp:8:7:[m[K [01;36m[Knote: [m[Kâ€˜[01m[Kclass LidarSubscriber[m[Kâ€™ defined here
[3.647s]     8 | class [01;36m[KLidarSubscriber[m[K: public rclcpp::Node
[3.647s]       |       [01;36m[K^~~~~~~~~~~~~~~[m[K
[3.653s] In file included from [01m[K/opt/ros/jazzy/include/rclcpp/rclcpp/logging.hpp:24[m[K,
[3.654s]                  from [01m[K/opt/ros/jazzy/include/rclcpp/rclcpp/copy_all_parameter_values.hpp:27[m[K,
[3.654s]                  from [01m[K/opt/ros/jazzy/include/rclcpp/rclcpp/rclcpp.hpp:171[m[K,
[3.654s]                  from [01m[K/home/homer/Documents/Ros2FakeSensors/fake_sensors/src/lidar_subscriber.cpp:3[m[K:
[3.654s] [01m[K/home/homer/Documents/Ros2FakeSensors/fake_sensors/src/lidar_subscriber.cpp:[m[K In member function â€˜[01m[Kvoid LidarSubscriber::[01;32m[K_lidar_scan_callback[m[K(sensor_msgs::msg::LaserScan_<std::allocator<void> >::UniquePtr)[m[Kâ€™:
[3.654s] [01m[K/home/homer/Documents/Ros2FakeSensors/fake_sensors/src/lidar_subscriber.cpp:45:81:[m[K [01;31m[Kerror: [m[Kcannot convert â€˜[01m[Kvector<[01;32m[Kfloat[m[K,allocator<[01;32m[Kfloat[m[K>>[m[Kâ€™ to â€˜[01m[Kvector<[01;32m[Kunsigned char[m[K,allocator<[01;32m[Kunsigned char[m[K>>[m[Kâ€™
[3.654s]    45 |     RCLCPP_INFO(this->get_logger(), "RECEIVED - %s", _lidar_data_to_string([01;31m[Kmsg->ranges[m[K).c_str());
[3.654s]       |                                                                            [01;31m[K~~~~~^~~~~~[m[K
[3.654s]       |                                                                                 [01;31m[K|[m[K
[3.654s]       |                                                                                 [01;31m[Kvector<float,allocator<float>>[m[K
[3.654s] [01m[K/home/homer/Documents/Ros2FakeSensors/fake_sensors/src/lidar_subscriber.cpp:18:60:[m[K [01;36m[Knote: [m[K  initializing argument 1 of â€˜[01m[Kstd::string LidarSubscriber::[01;32m[K_lidar_data_to_string[m[K(std::vector<unsigned char, std::allocator<unsigned char> >)[m[Kâ€™
[3.654s]    18 |     std::string _lidar_data_to_string([01;36m[Kstd::vector<uint8_t> data[m[K);
[3.654s]       |                                       [01;36m[K~~~~~~~~~~~~~~~~~~~~~^~~~[m[K
[6.243s] gmake[2]: *** [CMakeFiles/lidar_subscriber.dir/build.make:76: CMakeFiles/lidar_subscriber.dir/src/lidar_subscriber.cpp.o] Error 1
[6.245s] gmake[1]: *** [CMakeFiles/Makefile2:169: CMakeFiles/lidar_subscriber.dir/all] Error 2
[6.245s] gmake: *** [Makefile:146: all] Error 2
[6.249s] Invoked command in '/home/homer/Documents/Ros2FakeSensors/fake_sensors/build/fake_sensors' returned '2': CMAKE_PREFIX_PATH=${CMAKE_PREFIX_PATH}:/opt/ros/jazzy DEBUGINFOD_URLS=https://debuginfod.ubuntu.com /usr/bin/cmake --build /home/homer/Documents/Ros2FakeSensors/fake_sensors/build/fake_sensors -- -j2 -l2
